<?xml version="1.0" encoding="UTF-8"?>
<testsuites name="jest tests" tests="5" failures="0" time="2.127">
  <testsuite name="Schema URL Loader" errors="0" failures="0" skipped="0" timestamp="2019-10-24T11:33:44" time="2.048" tests="5">
    <testcase classname="Schema URL Loader handle" name="Should throw an error when introspection is not valid" time="0.05" file="tests/url-loader.spec.ts">
    </testcase>
    <testcase classname="Schema URL Loader handle" name="Should return a valid schema when request is valid" time="0.025" file="tests/url-loader.spec.ts">
    </testcase>
    <testcase classname="Schema URL Loader handle" name="Should pass default headers" time="0.022" file="tests/url-loader.spec.ts">
    </testcase>
    <testcase classname="Schema URL Loader handle" name="Should pass extra headers when they are specified as object" time="0.002" file="tests/url-loader.spec.ts">
    </testcase>
    <testcase classname="Schema URL Loader handle" name="Should pass extra headers when they are specified as array" time="0.003" file="tests/url-loader.spec.ts">
    </testcase>
  </testsuite>
</testsuites>